<?xml version="1.0" encoding="UTF-8"?>
<!-- Generated by org.testng.reporters.JUnitXMLReporter -->
<testsuite hostname="DESKTOP-9BCP2PV" name="Default test" tests="3" failures="0" timestamp="5 Feb 2023 03:56:55 GMT" time="97.739" errors="0">
  <testcase name="test" time="23.82" classname="com.neotech.lesson04.Homework1"/>
  <testcase name="test" time="18.103" classname="com.neotech.lesson04.Homework1"/>
  <testcase name="test" time="17.91" classname="com.neotech.lesson04.Homework1"/>
</testsuite> <!-- Default test -->
