<?xml version="1.0" encoding="UTF-8"?>
<!-- Generated by org.testng.reporters.JUnitXMLReporter -->
<testsuite hostname="DESKTOP-9BCP2PV" name="Test" tests="2" failures="1" timestamp="31 Jan 2023 11:19:38 GMT" time="50.236" errors="0">
  <testcase name="validationLoge" time="1.048" classname="com.neotech.lesoon02.AssertDemo">
    <failure type="java.lang.AssertionError" message=" Logo is NOT displayed  expected [true] but found [false]">
      <![CDATA[java.lang.AssertionError:  Logo is NOT displayed  expected [true] but found [false]
	at com.neotech.lesoon02.AssertDemo.validationLoge(AssertDemo.java:58)
... Removed 28 stack frames]]>
    </failure>
  </testcase> <!-- validationLoge -->
  <testcase name="titleValidation" time="3.051" classname="com.neotech.lesson01.TitleAndLoginValidation"/>
</testsuite> <!-- Test -->
